生成启动时间为 2017/9/8 1:33:00。
     1>项目“C:\Users\ruirui\documents\visual studio 2010\Projects\航空管理系统\航空管理系统\航空管理系统.vcxproj”在节点 2 上(build 个目标)。
     1>InitializeBuildStatus:
         正在创建“Debug\航空管理系统.unsuccessfulbuild”，因为已指定“AlwaysCreate”。
       ClCompile:
         E:\VS2010\VC\bin\CL.exe /c /ZI /nologo /W3 /WX- /Od /Oy- /D WIN32 /D _DEBUG /D _CONSOLE /D _UNICODE /D UNICODE /Gm /EHsc /RTC1 /MDd /GS /fp:precise /Zc:wchar_t /Zc:forScope /Fo"Debug\\" /Fd"Debug\vc100.pdb" /Gd /TP /analyze- /errorReport:prompt Main.cpp
         Main.cpp
     1>c:\users\ruirui\documents\visual studio 2010\projects\航空管理系统\航空管理系统\inteface.h(13): warning C4996: 'gmtime': This function or variable may be unsafe. Consider using gmtime_s instead. To disable deprecation, use _CRT_SECURE_NO_WARNINGS. See online help for details.
                 e:\vs2010\vc\include\time.inl(99) : 参见“gmtime”的声明
     1>c:\users\ruirui\documents\visual studio 2010\projects\航空管理系统\航空管理系统\inteface.h(44): warning C4715: “Entrance”: 不是所有的控件路径都返回值
       Link:
         E:\VS2010\VC\bin\link.exe /ERRORREPORT:PROMPT /OUT:"C:\Users\ruirui\documents\visual studio 2010\Projects\航空管理系统\Debug\航空管理系统.exe" /INCREMENTAL /NOLOGO kernel32.lib user32.lib gdi32.lib winspool.lib comdlg32.lib advapi32.lib shell32.lib ole32.lib oleaut32.lib uuid.lib odbc32.lib odbccp32.lib /MANIFEST /ManifestFile:"Debug\航空管理系统.exe.intermediate.manifest" /MANIFESTUAC:"level='asInvoker' uiAccess='false'" /DEBUG /PDB:"C:\Users\ruirui\documents\visual studio 2010\Projects\航空管理系统\Debug\航空管理系统.pdb" /SUBSYSTEM:CONSOLE /TLBID:1 /DYNAMICBASE /NXCOMPAT /IMPLIB:"C:\Users\ruirui\documents\visual studio 2010\Projects\航空管理系统\Debug\航空管理系统.lib" /MACHINE:X86 Debug\Main.obj
         航空管理系统.vcxproj -> C:\Users\ruirui\documents\visual studio 2010\Projects\航空管理系统\Debug\航空管理系统.exe
       Manifest:
         C:\Program Files (x86)\Microsoft SDKs\Windows\v7.0A\bin\mt.exe /nologo /verbose /out:"C:\Users\ruirui\documents\visual studio 2010\Projects\航空管理系统\Debug\航空管理系统.exe.manifest" /manifest "Debug\航空管理系统.exe.intermediate.manifest"
       FinalizeBuildStatus:
         正在删除文件“Debug\航空管理系统.unsuccessfulbuild”。
         正在对“Debug\航空管理系统.lastbuildstate”执行 Touch 任务。
     1>已完成生成项目“C:\Users\ruirui\documents\visual studio 2010\Projects\航空管理系统\航空管理系统\航空管理系统.vcxproj”(build 个目标)的操作。

生成成功。

已用时间 00:00:01.52
